c:\program_unreal\b_2\framework\framework\debug\vc141.pdb
c:\program_unreal\b_2\framework\framework\debug\vc141.idb
c:\program_unreal\b_2\framework\framework\debug\mywin.obj
c:\program_unreal\b_2\framework\framework\debug\graphic.obj
c:\program_unreal\b_2\framework\framework\debug\framework.obj
c:\program_unreal\b_2\framework\framework\debug\renderdata.obj
c:\program_unreal\b_2\framework\framework\debug\shader.obj
c:\program_unreal\b_2\framework\framework\debug\camera.obj
c:\program_unreal\b_2\framework\framework\debug\framework.pch
c:\program_unreal\b_2\framework\framework\debug\stdafx.obj
c:\program_unreal\b_2\framework\debug\framework.exe
c:\program_unreal\b_2\framework\debug\framework.ilk
c:\program_unreal\b_2\framework\debug\framework.pdb
c:\program_unreal\b_2\framework\framework\debug\framework.res
c:\program_unreal\b_2\framework\framework\debug\vshader.obj
c:\program_unreal\b_2\framework\framework\debug\framework.tlog\cl.command.1.tlog
c:\program_unreal\b_2\framework\framework\debug\framework.tlog\cl.read.1.tlog
c:\program_unreal\b_2\framework\framework\debug\framework.tlog\cl.write.1.tlog
c:\program_unreal\b_2\framework\framework\debug\framework.tlog\link.command.1.tlog
c:\program_unreal\b_2\framework\framework\debug\framework.tlog\link.read.1.tlog
c:\program_unreal\b_2\framework\framework\debug\framework.tlog\link.write.1.tlog
c:\program_unreal\b_2\framework\framework\debug\framework.tlog\rc.command.1.tlog
c:\program_unreal\b_2\framework\framework\debug\framework.tlog\rc.read.1.tlog
c:\program_unreal\b_2\framework\framework\debug\framework.tlog\rc.write.1.tlog
